# JRE version: Java(TM) SE Runtime Environment 18.9 (11.0.23+7) (build 11.0.23+7-LTS-222)
# Java VM: Java HotSpot(TM) 64-Bit Server VM 18.9 (11.0.23+7-LTS-222, mixed mode, tiered, compressed oops, g1 gc, windows-amd64)
Heap:
 garbage-first heap   total 258048K, used 7279K [0x00000004d8400000, 0x00000005d3e00000)
  region size 1024K, 1 young (1024K), 1 survivors (1024K)
 Metaspace       used 14025K, capacity 14306K, committed 14336K, reserved 1083392K
  class space    used 1402K, capacity 1517K, committed 1536K, reserved 1048576K
GC Heap History (6 events):
Event: 0.411 GC heap before
{Heap before GC invocations=0 (full 0):
 garbage-first heap   total 258048K, used 24576K [0x00000004d8400000, 0x00000005d3e00000)
  region size 1024K, 24 young (24576K), 0 survivors (0K)
 Metaspace       used 11608K, capacity 11846K, committed 12032K, reserved 1060864K
  class space    used 1122K, capacity 1183K, committed 1280K, reserved 1048576K
}
Event: 0.414 GC heap after
{Heap after GC invocations=1 (full 0):
 garbage-first heap   total 258048K, used 6707K [0x00000004d8400000, 0x00000005d3e00000)
  region size 1024K, 3 young (3072K), 3 survivors (3072K)
 Metaspace       used 11608K, capacity 11846K, committed 12032K, reserved 1060864K
  class space    used 1122K, capacity 1183K, committed 1280K, reserved 1048576K
}
Event: 0.488 GC heap before
{Heap before GC invocations=1 (full 0):
 garbage-first heap   total 258048K, used 13875K [0x00000004d8400000, 0x00000005d3e00000)
  region size 1024K, 11 young (11264K), 3 survivors (3072K)
 Metaspace       used 13186K, capacity 13437K, committed 13568K, reserved 1067008K
  class space    used 1331K, capacity 1419K, committed 1536K, reserved 1048576K
}
Event: 0.490 GC heap after
{Heap after GC invocations=2 (full 0):
 garbage-first heap   total 258048K, used 7183K [0x00000004d8400000, 0x00000005d3e00000)
  region size 1024K, 4 young (4096K), 4 survivors (4096K)
 Metaspace       used 13186K, capacity 13437K, committed 13568K, reserved 1067008K
  class space    used 1331K, capacity 1419K, committed 1536K, reserved 1048576K
}
Event: 0.510 GC heap before
{Heap before GC invocations=3 (full 0):
 garbage-first heap   total 258048K, used 9231K [0x00000004d8400000, 0x00000005d3e00000)
  region size 1024K, 7 young (7168K), 4 survivors (4096K)
 Metaspace       used 14025K, capacity 14306K, committed 14336K, reserved 1081344K
  class space    used 1402K, capacity 1517K, committed 1536K, reserved 1048576K
}
Event: 0.512 GC heap after
{Heap after GC invocations=4 (full 0):
 garbage-first heap   total 258048K, used 7279K [0x00000004d8400000, 0x00000005d3e00000)
  region size 1024K, 1 young (1024K), 1 survivors (1024K)
 Metaspace       used 14025K, capacity 14306K, committed 14336K, reserved 1081344K
  class space    used 1402K, capacity 1517K, committed 1536K, reserved 1048576K
}

