# JRE version: OpenJDK Runtime Environment (22.0.2+9) (build 22.0.2+9-70)
# Java VM: OpenJDK 64-Bit Server VM (22.0.2+9-70, mixed mode, sharing, tiered, compressed oops, compressed class ptrs, g1 gc, windows-amd64)
GC Precious Log:
 CardTable entry size: 512
 Card Set container configuration: InlinePtr #cards 5 size 8 Array Of Cards #cards 12 size 40 Howl #buckets 4 coarsen threshold 1843 Howl Bitmap #cards 512 size 80 coarsen threshold 460 Card regions per heap region 1 cards per card region 2048
 CPUs: 12 total, 12 available
 Memory: 16099M
 Large Page Support: Disabled
 NUMA Support: Disabled
 Compressed Oops: Enabled (32-bit)
 Heap Region Size: 1M
 Heap Min Capacity: 256M
 Heap Initial Capacity: 256M
 Heap Max Capacity: 512M
 Pre-touch: Disabled
 Parallel Workers: 10
 Concurrent Workers: 3
 Concurrent Refinement Workers: 10
 Periodic GC: Disabled
Heap:
 garbage-first heap   total reserved 524288K, committed 262144K, used 124753K [0x00000000e0000000, 0x0000000100000000)
  region size 1024K, 53 young (54272K), 4 survivors (4096K)
 Metaspace       used 66732K, committed 68992K, reserved 393216K
  class space    used 9576K, committed 10688K, reserved 327680K
GC Heap History (20 events):
Event: 2.647 GC heap before
{Heap before GC invocations=4 (full 0):
 garbage-first heap   total reserved 524288K, committed 262144K, used 137829K [0x00000000e0000000, 0x0000000100000000)
  region size 1024K, 125 young (128000K), 12 survivors (12288K)
 Metaspace       used 34936K, committed 36096K, reserved 393216K
  class space    used 5151K, committed 5696K, reserved 327680K
}
Event: 2.655 GC heap after
{Heap after GC invocations=5 (full 0):
 garbage-first heap   total reserved 524288K, committed 262144K, used 32216K [0x00000000e0000000, 0x0000000100000000)
  region size 1024K, 9 young (9216K), 9 survivors (9216K)
 Metaspace       used 34936K, committed 36096K, reserved 393216K
  class space    used 5151K, committed 5696K, reserved 327680K
}
Event: 2.681 GC heap before
{Heap before GC invocations=5 (full 0):
 garbage-first heap   total reserved 524288K, committed 262144K, used 34264K [0x00000000e0000000, 0x0000000100000000)
  region size 1024K, 12 young (12288K), 9 survivors (9216K)
 Metaspace       used 35178K, committed 36416K, reserved 393216K
  class space    used 5187K, committed 5760K, reserved 327680K
}
Event: 2.684 GC heap after
{Heap after GC invocations=6 (full 0):
 garbage-first heap   total reserved 524288K, committed 262144K, used 33060K [0x00000000e0000000, 0x0000000100000000)
  region size 1024K, 9 young (9216K), 9 survivors (9216K)
 Metaspace       used 35178K, committed 36416K, reserved 393216K
  class space    used 5187K, committed 5760K, reserved 327680K
}
Event: 2.709 GC heap before
{Heap before GC invocations=6 (full 0):
 garbage-first heap   total reserved 524288K, committed 262144K, used 41252K [0x00000000e0000000, 0x0000000100000000)
  region size 1024K, 13 young (13312K), 9 survivors (9216K)
 Metaspace       used 35535K, committed 36736K, reserved 393216K
  class space    used 5198K, committed 5760K, reserved 327680K
}
Event: 2.712 GC heap after
{Heap after GC invocations=7 (full 0):
 garbage-first heap   total reserved 524288K, committed 262144K, used 35440K [0x00000000e0000000, 0x0000000100000000)
  region size 1024K, 9 young (9216K), 9 survivors (9216K)
 Metaspace       used 35535K, committed 36736K, reserved 393216K
  class space    used 5198K, committed 5760K, reserved 327680K
}
Event: 3.879 GC heap before
{Heap before GC invocations=8 (full 0):
 garbage-first heap   total reserved 524288K, committed 262144K, used 183920K [0x00000000e0000000, 0x0000000100000000)
  region size 1024K, 153 young (156672K), 9 survivors (9216K)
 Metaspace       used 51382K, committed 53248K, reserved 393216K
  class space    used 7626K, committed 8512K, reserved 327680K
}
Event: 3.885 GC heap after
{Heap after GC invocations=9 (full 0):
 garbage-first heap   total reserved 524288K, committed 262144K, used 41618K [0x00000000e0000000, 0x0000000100000000)
  region size 1024K, 17 young (17408K), 17 survivors (17408K)
 Metaspace       used 51382K, committed 53248K, reserved 393216K
  class space    used 7626K, committed 8512K, reserved 327680K
}
Event: 4.897 GC heap before
{Heap before GC invocations=9 (full 0):
 garbage-first heap   total reserved 524288K, committed 262144K, used 180882K [0x00000000e0000000, 0x0000000100000000)
  region size 1024K, 153 young (156672K), 17 survivors (17408K)
 Metaspace       used 56992K, committed 58944K, reserved 393216K
  class space    used 8304K, committed 9216K, reserved 327680K
}
Event: 4.907 GC heap after
{Heap after GC invocations=10 (full 0):
 garbage-first heap   total reserved 524288K, committed 262144K, used 52561K [0x00000000e0000000, 0x0000000100000000)
  region size 1024K, 20 young (20480K), 20 survivors (20480K)
 Metaspace       used 56992K, committed 58944K, reserved 393216K
  class space    used 8304K, committed 9216K, reserved 327680K
}
Event: 5.331 GC heap before
{Heap before GC invocations=10 (full 0):
 garbage-first heap   total reserved 524288K, committed 262144K, used 121169K [0x00000000e0000000, 0x0000000100000000)
  region size 1024K, 88 young (90112K), 20 survivors (20480K)
 Metaspace       used 59948K, committed 62080K, reserved 393216K
  class space    used 8790K, committed 9856K, reserved 327680K
}
Event: 5.340 GC heap after
{Heap after GC invocations=11 (full 0):
 garbage-first heap   total reserved 524288K, committed 262144K, used 58368K [0x00000000e0000000, 0x0000000100000000)
  region size 1024K, 7 young (7168K), 7 survivors (7168K)
 Metaspace       used 59948K, committed 62080K, reserved 393216K
  class space    used 8790K, committed 9856K, reserved 327680K
}
Event: 51.960 GC heap before
{Heap before GC invocations=12 (full 0):
 garbage-first heap   total reserved 524288K, committed 262144K, used 206848K [0x00000000e0000000, 0x0000000100000000)
  region size 1024K, 153 young (156672K), 7 survivors (7168K)
 Metaspace       used 63130K, committed 65344K, reserved 393216K
  class space    used 9278K, committed 10304K, reserved 327680K
}
Event: 51.967 GC heap after
{Heap after GC invocations=13 (full 0):
 garbage-first heap   total reserved 524288K, committed 262144K, used 70980K [0x00000000e0000000, 0x0000000100000000)
  region size 1024K, 20 young (20480K), 20 survivors (20480K)
 Metaspace       used 63130K, committed 65344K, reserved 393216K
  class space    used 9278K, committed 10304K, reserved 327680K
}
Event: 77.605 GC heap before
{Heap before GC invocations=13 (full 0):
 garbage-first heap   total reserved 524288K, committed 262144K, used 207172K [0x00000000e0000000, 0x0000000100000000)
  region size 1024K, 153 young (156672K), 20 survivors (20480K)
 Metaspace       used 65512K, committed 67712K, reserved 393216K
  class space    used 9557K, committed 10624K, reserved 327680K
}
Event: 77.612 GC heap after
{Heap after GC invocations=14 (full 0):
 garbage-first heap   total reserved 524288K, committed 262144K, used 75284K [0x00000000e0000000, 0x0000000100000000)
  region size 1024K, 10 young (10240K), 10 survivors (10240K)
 Metaspace       used 65512K, committed 67712K, reserved 393216K
  class space    used 9557K, committed 10624K, reserved 327680K
}
Event: 79.246 GC heap before
{Heap before GC invocations=14 (full 0):
 garbage-first heap   total reserved 524288K, committed 262144K, used 184852K [0x00000000e0000000, 0x0000000100000000)
  region size 1024K, 119 young (121856K), 10 survivors (10240K)
 Metaspace       used 66040K, committed 68288K, reserved 393216K
  class space    used 9563K, committed 10624K, reserved 327680K
}
Event: 79.250 GC heap after
{Heap after GC invocations=15 (full 0):
 garbage-first heap   total reserved 524288K, committed 262144K, used 78527K [0x00000000e0000000, 0x0000000100000000)
  region size 1024K, 13 young (13312K), 13 survivors (13312K)
 Metaspace       used 66040K, committed 68288K, reserved 393216K
  class space    used 9563K, committed 10624K, reserved 327680K
}
Event: 677.270 GC heap before
{Heap before GC invocations=16 (full 0):
 garbage-first heap   total reserved 524288K, committed 262144K, used 221887K [0x00000000e0000000, 0x0000000100000000)
  region size 1024K, 153 young (156672K), 13 survivors (13312K)
 Metaspace       used 66653K, committed 68928K, reserved 393216K
  class space    used 9575K, committed 10688K, reserved 327680K
}
Event: 677.274 GC heap after
{Heap after GC invocations=17 (full 0):
 garbage-first heap   total reserved 524288K, committed 262144K, used 76625K [0x00000000e0000000, 0x0000000100000000)
  region size 1024K, 4 young (4096K), 4 survivors (4096K)
 Metaspace       used 66653K, committed 68928K, reserved 393216K
  class space    used 9575K, committed 10688K, reserved 327680K
}

