# JRE version: Java(TM) SE Runtime Environment 18.9 (11.0.23+7) (build 11.0.23+7-LTS-222)
# Java VM: Java HotSpot(TM) 64-Bit Server VM 18.9 (11.0.23+7-LTS-222, mixed mode, tiered, compressed oops, g1 gc, windows-amd64)
Heap:
 garbage-first heap   total 310272K, used 50334K [0x0000000704600000, 0x0000000800000000)
  region size 1024K, 44 young (45056K), 12 survivors (12288K)
 Metaspace       used 57465K, capacity 58873K, committed 59008K, reserved 1101824K
  class space    used 6911K, capacity 7488K, committed 7552K, reserved 1048576K
GC Heap History (10 events):
Event: 0.437 GC heap before
{Heap before GC invocations=0 (full 0):
 garbage-first heap   total 258048K, used 23552K [0x0000000704600000, 0x0000000800000000)
  region size 1024K, 24 young (24576K), 0 survivors (0K)
 Metaspace       used 13104K, capacity 13355K, committed 13440K, reserved 1060864K
  class space    used 1330K, capacity 1408K, committed 1408K, reserved 1048576K
}
Event: 0.439 GC heap after
{Heap after GC invocations=1 (full 0):
 garbage-first heap   total 258048K, used 5061K [0x0000000704600000, 0x0000000800000000)
  region size 1024K, 3 young (3072K), 3 survivors (3072K)
 Metaspace       used 13104K, capacity 13355K, committed 13440K, reserved 1060864K
  class space    used 1330K, capacity 1408K, committed 1408K, reserved 1048576K
}
Event: 0.776 GC heap before
{Heap before GC invocations=1 (full 0):
 garbage-first heap   total 258048K, used 40901K [0x0000000704600000, 0x0000000800000000)
  region size 1024K, 39 young (39936K), 3 survivors (3072K)
 Metaspace       used 20667K, capacity 21105K, committed 21248K, reserved 1069056K
  class space    used 2309K, capacity 2479K, committed 2560K, reserved 1048576K
}
Event: 0.779 GC heap after
{Heap after GC invocations=2 (full 0):
 garbage-first heap   total 258048K, used 6833K [0x0000000704600000, 0x0000000800000000)
  region size 1024K, 5 young (5120K), 5 survivors (5120K)
 Metaspace       used 20667K, capacity 21105K, committed 21248K, reserved 1069056K
  class space    used 2309K, capacity 2479K, committed 2560K, reserved 1048576K
}
Event: 0.999 GC heap before
{Heap before GC invocations=3 (full 0):
 garbage-first heap   total 258048K, used 50865K [0x0000000704600000, 0x0000000800000000)
  region size 1024K, 49 young (50176K), 5 survivors (5120K)
 Metaspace       used 27531K, capacity 28112K, committed 28288K, reserved 1075200K
  class space    used 3199K, capacity 3404K, committed 3456K, reserved 1048576K
}
Event: 1.002 GC heap after
{Heap after GC invocations=4 (full 0):
 garbage-first heap   total 258048K, used 9078K [0x0000000704600000, 0x0000000800000000)
  region size 1024K, 4 young (4096K), 4 survivors (4096K)
 Metaspace       used 27531K, capacity 28112K, committed 28288K, reserved 1075200K
  class space    used 3199K, capacity 3404K, committed 3456K, reserved 1048576K
}
Event: 1.575 GC heap before
{Heap before GC invocations=4 (full 0):
 garbage-first heap   total 258048K, used 74614K [0x0000000704600000, 0x0000000800000000)
  region size 1024K, 69 young (70656K), 4 survivors (4096K)
 Metaspace       used 34960K, capacity 35811K, committed 35840K, reserved 1081344K
  class space    used 4145K, capacity 4451K, committed 4480K, reserved 1048576K
}
Event: 1.579 GC heap after
{Heap after GC invocations=5 (full 0):
 garbage-first heap   total 258048K, used 12154K [0x0000000704600000, 0x0000000800000000)
  region size 1024K, 7 young (7168K), 7 survivors (7168K)
 Metaspace       used 34960K, capacity 35811K, committed 35840K, reserved 1081344K
  class space    used 4145K, capacity 4451K, committed 4480K, reserved 1048576K
}
Event: 8.779 GC heap before
{Heap before GC invocations=6 (full 0):
 garbage-first heap   total 258048K, used 106362K [0x0000000704600000, 0x0000000800000000)
  region size 1024K, 99 young (101376K), 7 survivors (7168K)
 Metaspace       used 47872K, capacity 49160K, committed 49408K, reserved 1091584K
  class space    used 5798K, capacity 6310K, committed 6400K, reserved 1048576K
}
Event: 8.786 GC heap after
{Heap after GC invocations=7 (full 0):
 garbage-first heap   total 310272K, used 18590K [0x0000000704600000, 0x0000000800000000)
  region size 1024K, 12 young (12288K), 12 survivors (12288K)
 Metaspace       used 47872K, capacity 49160K, committed 49408K, reserved 1091584K
  class space    used 5798K, capacity 6310K, committed 6400K, reserved 1048576K
}

