# JRE version: Java(TM) SE Runtime Environment 18.9 (11.0.23+7) (build 11.0.23+7-LTS-222)
# Java VM: Java HotSpot(TM) 64-Bit Server VM 18.9 (11.0.23+7-LTS-222, mixed mode, tiered, compressed oops, g1 gc, windows-amd64)
Heap:
 garbage-first heap   total 310272K, used 41513K [0x0000000704600000, 0x0000000800000000)
  region size 1024K, 31 young (31744K), 13 survivors (13312K)
 Metaspace       used 59206K, capacity 60684K, committed 60928K, reserved 1101824K
  class space    used 7070K, capacity 7668K, committed 7680K, reserved 1048576K
GC Heap History (10 events):
Event: 0.990 GC heap before
{Heap before GC invocations=3 (full 0):
 garbage-first heap   total 258048K, used 46723K [0x0000000704600000, 0x0000000800000000)
  region size 1024K, 45 young (46080K), 5 survivors (5120K)
 Metaspace       used 26945K, capacity 27555K, committed 27648K, reserved 1073152K
  class space    used 3114K, capacity 3326K, committed 3328K, reserved 1048576K
}
Event: 0.993 GC heap after
{Heap after GC invocations=4 (full 0):
 garbage-first heap   total 258048K, used 9020K [0x0000000704600000, 0x0000000800000000)
  region size 1024K, 4 young (4096K), 4 survivors (4096K)
 Metaspace       used 26945K, capacity 27555K, committed 27648K, reserved 1073152K
  class space    used 3114K, capacity 3326K, committed 3328K, reserved 1048576K
}
Event: 1.511 GC heap before
{Heap before GC invocations=4 (full 0):
 garbage-first heap   total 258048K, used 73532K [0x0000000704600000, 0x0000000800000000)
  region size 1024K, 67 young (68608K), 4 survivors (4096K)
 Metaspace       used 33980K, capacity 34785K, committed 35072K, reserved 1079296K
  class space    used 4015K, capacity 4319K, committed 4352K, reserved 1048576K
}
Event: 1.514 GC heap after
{Heap after GC invocations=5 (full 0):
 garbage-first heap   total 258048K, used 11779K [0x0000000704600000, 0x0000000800000000)
  region size 1024K, 7 young (7168K), 7 survivors (7168K)
 Metaspace       used 33980K, capacity 34785K, committed 35072K, reserved 1079296K
  class space    used 4015K, capacity 4319K, committed 4352K, reserved 1048576K
}
Event: 1.581 GC heap before
{Heap before GC invocations=5 (full 0):
 garbage-first heap   total 258048K, used 16899K [0x0000000704600000, 0x0000000800000000)
  region size 1024K, 13 young (13312K), 7 survivors (7168K)
 Metaspace       used 34966K, capacity 35811K, committed 35840K, reserved 1081344K
  class space    used 4145K, capacity 4451K, committed 4480K, reserved 1048576K
}
Event: 1.585 GC heap after
{Heap after GC invocations=6 (full 0):
 garbage-first heap   total 310272K, used 12591K [0x0000000704600000, 0x0000000800000000)
  region size 1024K, 8 young (8192K), 8 survivors (8192K)
 Metaspace       used 34966K, capacity 35811K, committed 35840K, reserved 1081344K
  class space    used 4145K, capacity 4451K, committed 4480K, reserved 1048576K
}
Event: 15.452 GC heap before
{Heap before GC invocations=7 (full 0):
 garbage-first heap   total 310272K, used 122159K [0x0000000704600000, 0x0000000800000000)
  region size 1024K, 115 young (117760K), 8 survivors (8192K)
 Metaspace       used 50424K, capacity 51692K, committed 51968K, reserved 1095680K
  class space    used 6106K, capacity 6619K, committed 6656K, reserved 1048576K
}
Event: 15.458 GC heap after
{Heap after GC invocations=8 (full 0):
 garbage-first heap   total 310272K, used 20378K [0x0000000704600000, 0x0000000800000000)
  region size 1024K, 15 young (15360K), 15 survivors (15360K)
 Metaspace       used 50424K, capacity 51692K, committed 51968K, reserved 1095680K
  class space    used 6106K, capacity 6619K, committed 6656K, reserved 1048576K
}
Event: 15.930 GC heap before
{Heap before GC invocations=8 (full 0):
 garbage-first heap   total 310272K, used 43930K [0x0000000704600000, 0x0000000800000000)
  region size 1024K, 40 young (40960K), 15 survivors (15360K)
 Metaspace       used 58631K, capacity 60045K, committed 60160K, reserved 1101824K
  class space    used 7010K, capacity 7582K, committed 7680K, reserved 1048576K
}
Event: 15.940 GC heap after
{Heap after GC invocations=9 (full 0):
 garbage-first heap   total 310272K, used 24105K [0x0000000704600000, 0x0000000800000000)
  region size 1024K, 13 young (13312K), 13 survivors (13312K)
 Metaspace       used 58631K, capacity 60045K, committed 60160K, reserved 1101824K
  class space    used 7010K, capacity 7582K, committed 7680K, reserved 1048576K
}

